<?xml version="1.0" encoding="UTF-8"?>
<!-- Generated by org.testng.reporters.JUnitXMLReporter -->
<testsuite ignored="0" hostname="DESKTOP-KM0QCD1" failures="0" tests="3" name="Default test" time="44.398" errors="0" timestamp="2024-02-09T23:33:37 IST">
  <testcase classname="Selenium_S2_ExtentJenkins_PracticeExcercises.PS4_ExtentReportr" name="testLogin1" time="8.697"/>
  <testcase classname="Selenium_S2_ExtentJenkins_PracticeExcercises.PS4_ExtentReportr" name="testLogin2" time="8.759"/>
  <testcase classname="Selenium_S2_ExtentJenkins_PracticeExcercises.PS4_ExtentReportr" name="testLogin3" time="8.563"/>
</testsuite> <!-- Default test -->
